<?xml version='1.0' encoding='utf-8'?>
<failure type="string" message="string">e gero</failure>
