<?xml version='1.0' encoding='utf-8'?>
<rerunFailure message="string" type="string">sonoras<stackTrace>string</stackTrace><system-out>string</system-out><system-err>string</system-err></rerunFailure>
