<?xml version='1.0' encoding='utf-8'?>
<properties>
  <property name="string" value="string"/>
  <property name="string2" value="string2"/>
</properties>
